<?xml version="1.0" encoding="UTF-8"?>
<testsuite xmlns:xsi="http://www.w3.org/2001/XMLSchema-instance" xsi:schemaLocation="https://maven.apache.org/surefire/maven-surefire-plugin/xsd/surefire-test-report.xsd" name="runner.RunnerTest" time="30.561" tests="9" errors="0" skipped="0" failures="0">
  <properties>
[...]
</properties>
  <testcase name="Given O usuario acessa o site" classname="Scenario: O usurio deseja acessar o site e se cadastrar" time="0.001"/>
  <testcase name="And clica no botao cadastrar" classname="Scenario: O usurio deseja acessar o site e se cadastrar" time="0"/>
  <testcase name="And Isiro meus dados" classname="Scenario: O usurio deseja acessar o site e se cadastrar" time="0"/>
  <testcase name="Then Clico no botao cadastre-se" classname="Scenario: O usurio deseja acessar o site e se cadastrar" time="0"/>
  <testcase name="Scenario: O usurio deseja acessar o site e se cadastrar" classname="Scenario: O usurio deseja acessar o site e se cadastrar" time="0.109"/>
  <testcase name="Given O usuario acessa o site sexyHOT" classname="Scenario: O usurio deseja acessar o site e realizar uma busca" time="0"/>
  <testcase name="Then e insere alguma palavra na barra de busca" classname="Scenario: O usurio deseja acessar o site e realizar uma busca" time="0"/>
  <testcase name="And Clico no botao buscar" classname="Scenario: O usurio deseja acessar o site e realizar uma busca" time="0"/>
  <testcase name="Scenario: O usurio deseja acessar o site e realizar uma busca" classname="Scenario: O usurio deseja acessar o site e realizar uma busca" time="0.173"/>
</testsuite>