[
  {
    "line": 1,
    "elements": [
      {
        "line": 3,
        "name": "",
        "description": "",
        "type": "background",
        "keyword": "Background",
        "steps": [
          {
            "result": {
              "duration": 2861153621,
              "status": "passed"
            },
            "line": 4,
            "name": "O usuario acessa o site",
            "match": {
              "location": "CadastroPageStepsTest.o_usuario_acessa_o_site()"
            },
            "keyword": "Given "
          }
        ]
      },
      {
        "before": [
          {
            "result": {
              "duration": 7881432203,
              "status": "passed"
            },
            "match": {
              "location": "Hooks.beforeScenario(Scenario)"
            }
          }
        ],
        "line": 7,
        "name": "O usurio deseja acessar o site e se cadastrar",
        "description": "",
        "id": "realizar-cadastro-no-site;o-usurio-deseja-acessar-o-site-e-se-cadastrar",
        "after": [
          {
            "result": {
              "duration": 12380197,
              "error_message": "java.util.UnknownFormatConversionException: Conversion \u003d \u0027F\u0027\n\tat java.util.Formatter$FormatSpecifier.conversion(Formatter.java:2691)\n\tat java.util.Formatter$FormatSpecifier.\u003cinit\u003e(Formatter.java:2720)\n\tat java.util.Formatter.parse(Formatter.java:2560)\n\tat java.util.Formatter.format(Formatter.java:2501)\n\tat java.util.Formatter.format(Formatter.java:2455)\n\tat java.lang.String.format(String.java:2940)\n\tat steps.Hooks.afterScenario(Hooks.java:27)\n\tat sun.reflect.NativeMethodAccessorImpl.invoke0(Native Method)\n\tat sun.reflect.NativeMethodAccessorImpl.invoke(NativeMethodAccessorImpl.java:62)\n\tat sun.reflect.DelegatingMethodAccessorImpl.invoke(DelegatingMethodAccessorImpl.java:43)\n\tat java.lang.reflect.Method.invoke(Method.java:498)\n\tat cucumber.runtime.Utils$1.call(Utils.java:40)\n\tat cucumber.runtime.Timeout.timeout(Timeout.java:16)\n\tat cucumber.runtime.Utils.invoke(Utils.java:34)\n\tat cucumber.runtime.java.JavaHookDefinition.execute(JavaHookDefinition.java:60)\n\tat cucumber.runtime.Runtime.runHookIfTagsMatch(Runtime.java:224)\n\tat cucumber.runtime.Runtime.runHooks(Runtime.java:212)\n\tat cucumber.runtime.Runtime.runAfterHooks(Runtime.java:206)\n\tat cucumber.runtime.model.CucumberScenario.run(CucumberScenario.java:46)\n\tat cucumber.runtime.junit.ExecutionUnitRunner.run(ExecutionUnitRunner.java:102)\n\tat cucumber.runtime.junit.FeatureRunner.runChild(FeatureRunner.java:63)\n\tat cucumber.runtime.junit.FeatureRunner.runChild(FeatureRunner.java:18)\n\tat org.junit.runners.ParentRunner$3.run(ParentRunner.java:290)\n\tat org.junit.runners.ParentRunner$1.schedule(ParentRunner.java:71)\n\tat org.junit.runners.ParentRunner.runChildren(ParentRunner.java:288)\n\tat org.junit.runners.ParentRunner.access$000(ParentRunner.java:58)\n\tat org.junit.runners.ParentRunner$2.evaluate(ParentRunner.java:268)\n\tat org.junit.runners.ParentRunner.run(ParentRunner.java:363)\n\tat cucumber.runtime.junit.FeatureRunner.run(FeatureRunner.java:70)\n\tat cucumber.api.junit.Cucumber.runChild(Cucumber.java:95)\n\tat cucumber.api.junit.Cucumber.runChild(Cucumber.java:38)\n\tat org.junit.runners.ParentRunner$3.run(ParentRunner.java:290)\n\tat org.junit.runners.ParentRunner$1.schedule(ParentRunner.java:71)\n\tat org.junit.runners.ParentRunner.runChildren(ParentRunner.java:288)\n\tat org.junit.runners.ParentRunner.access$000(ParentRunner.java:58)\n\tat org.junit.runners.ParentRunner$2.evaluate(ParentRunner.java:268)\n\tat org.junit.runners.ParentRunner.run(ParentRunner.java:363)\n\tat cucumber.api.junit.Cucumber.run(Cucumber.java:100)\n\tat org.apache.maven.surefire.junit4.JUnit4Provider.execute(JUnit4Provider.java:367)\n\tat org.apache.maven.surefire.junit4.JUnit4Provider.executeWithRerun(JUnit4Provider.java:274)\n\tat org.apache.maven.surefire.junit4.JUnit4Provider.executeTestSet(JUnit4Provider.java:238)\n\tat org.apache.maven.surefire.junit4.JUnit4Provider.invoke(JUnit4Provider.java:161)\n\tat org.apache.maven.surefire.booter.ForkedBooter.invokeProviderInSameClassLoader(ForkedBooter.java:290)\n\tat org.apache.maven.surefire.booter.ForkedBooter.runSuitesInProcess(ForkedBooter.java:242)\n\tat org.apache.maven.surefire.booter.ForkedBooter.main(ForkedBooter.java:121)\n",
              "status": "failed"
            },
            "match": {
              "location": "Hooks.afterScenario(Scenario)"
            }
          }
        ],
        "type": "scenario",
        "keyword": "Scenario",
        "steps": [
          {
            "result": {
              "duration": 2693191765,
              "status": "passed"
            },
            "line": 8,
            "name": "clica no botao cadastrar",
            "match": {
              "location": "CadastroPageStepsTest.clica_no_botao_cadastrar()"
            },
            "keyword": "And "
          },
          {
            "result": {
              "duration": 8637232916,
              "status": "passed"
            },
            "line": 9,
            "name": "Isiro meus dados",
            "match": {
              "location": "CadastroPageStepsTest.isiro_meus_dados()"
            },
            "keyword": "And "
          },
          {
            "result": {
              "duration": 2736018674,
              "status": "passed"
            },
            "line": 10,
            "name": "Clico no botao cadastre-se",
            "match": {
              "location": "CadastroPageStepsTest.clico_no_botao_cadastre_se()"
            },
            "keyword": "Then "
          },
          {
            "result": {
              "duration": 352655,
              "error_message": "cucumber.runtime.CucumberException: Arity mismatch: Step Definition \u0027steps.CadastroPageStepsTest.o_cadastro_é_realizado_com_sucesso(String) in file:/Users/luis.camilo/Documents/Cucumber_sexyHot/target/test-classes/\u0027 with pattern [^O cadastro é realizado com sucesso$] is declared with 1 parameters. However, the gherkin step has 0 arguments []. \nStep: When O cadastro é realizado com sucesso\n\tat cucumber.runtime.StepDefinitionMatch.arityMismatch(StepDefinitionMatch.java:102)\n\tat cucumber.runtime.StepDefinitionMatch.transformedArgs(StepDefinitionMatch.java:60)\n\tat cucumber.runtime.StepDefinitionMatch.runStep(StepDefinitionMatch.java:37)\n\tat cucumber.runtime.Runtime.runStep(Runtime.java:300)\n\tat cucumber.runtime.model.StepContainer.runStep(StepContainer.java:44)\n\tat cucumber.runtime.model.StepContainer.runSteps(StepContainer.java:39)\n\tat cucumber.runtime.model.CucumberScenario.run(CucumberScenario.java:44)\n\tat cucumber.runtime.junit.ExecutionUnitRunner.run(ExecutionUnitRunner.java:102)\n\tat cucumber.runtime.junit.FeatureRunner.runChild(FeatureRunner.java:63)\n\tat cucumber.runtime.junit.FeatureRunner.runChild(FeatureRunner.java:18)\n\tat org.junit.runners.ParentRunner$3.run(ParentRunner.java:290)\n\tat org.junit.runners.ParentRunner$1.schedule(ParentRunner.java:71)\n\tat org.junit.runners.ParentRunner.runChildren(ParentRunner.java:288)\n\tat org.junit.runners.ParentRunner.access$000(ParentRunner.java:58)\n\tat org.junit.runners.ParentRunner$2.evaluate(ParentRunner.java:268)\n\tat org.junit.runners.ParentRunner.run(ParentRunner.java:363)\n\tat cucumber.runtime.junit.FeatureRunner.run(FeatureRunner.java:70)\n\tat cucumber.api.junit.Cucumber.runChild(Cucumber.java:95)\n\tat cucumber.api.junit.Cucumber.runChild(Cucumber.java:38)\n\tat org.junit.runners.ParentRunner$3.run(ParentRunner.java:290)\n\tat org.junit.runners.ParentRunner$1.schedule(ParentRunner.java:71)\n\tat org.junit.runners.ParentRunner.runChildren(ParentRunner.java:288)\n\tat org.junit.runners.ParentRunner.access$000(ParentRunner.java:58)\n\tat org.junit.runners.ParentRunner$2.evaluate(ParentRunner.java:268)\n\tat org.junit.runners.ParentRunner.run(ParentRunner.java:363)\n\tat cucumber.api.junit.Cucumber.run(Cucumber.java:100)\n\tat org.apache.maven.surefire.junit4.JUnit4Provider.execute(JUnit4Provider.java:367)\n\tat org.apache.maven.surefire.junit4.JUnit4Provider.executeWithRerun(JUnit4Provider.java:274)\n\tat org.apache.maven.surefire.junit4.JUnit4Provider.executeTestSet(JUnit4Provider.java:238)\n\tat org.apache.maven.surefire.junit4.JUnit4Provider.invoke(JUnit4Provider.java:161)\n\tat org.apache.maven.surefire.booter.ForkedBooter.invokeProviderInSameClassLoader(ForkedBooter.java:290)\n\tat org.apache.maven.surefire.booter.ForkedBooter.runSuitesInProcess(ForkedBooter.java:242)\n\tat org.apache.maven.surefire.booter.ForkedBooter.main(ForkedBooter.java:121)\n",
              "status": "failed"
            },
            "output": [
              "url: https://login.globo.com/cadastro/6284?signup_no_blank\u003dtrue\u0026url\u003dhttps%3A%2F%2Fgsatmulti.globo.com%2Fcore%2Flogin%2F%3Fredirect_uri%3Dhttps%253A%252F%252Fsexyhot.globo.com%252Fvod%252Fauth%252Fclient-side%252F%26duid%3D%26client_id%3D5347d0cf-683c-43bd-82a4-b8d99414a1ea"
            ],
            "line": 11,
            "name": "O cadastro é realizado com sucesso",
            "match": {
              "location": "CadastroPageStepsTest.o_cadastro_é_realizado_com_sucesso(String)"
            },
            "keyword": "When "
          }
        ],
        "tags": [
          {
            "line": 6,
            "name": "@Case1"
          }
        ]
      }
    ],
    "name": "Realizar cadastro no site",
    "description": "",
    "id": "realizar-cadastro-no-site",
    "keyword": "Feature",
    "uri": "cadastro.feature"
  },
  {
    "line": 1,
    "elements": [
      {
        "line": 3,
        "name": "",
        "description": "",
        "type": "background",
        "keyword": "Background",
        "steps": [
          {
            "result": {
              "duration": 7777324194,
              "status": "passed"
            },
            "line": 4,
            "name": "O usuario acessa o site sexyHOT",
            "match": {
              "location": "PesquisaPageStepsTest.o_usuario_acessa_o_site_sexyHOT()"
            },
            "keyword": "Given "
          }
        ]
      },
      {
        "before": [
          {
            "result": {
              "duration": 9255106,
              "status": "passed"
            },
            "match": {
              "location": "Hooks.beforeScenario(Scenario)"
            }
          }
        ],
        "line": 7,
        "name": "O usurio deseja acessar o site e realizar uma busca",
        "description": "",
        "id": "realizar-pesquisa-no-site;o-usurio-deseja-acessar-o-site-e-realizar-uma-busca",
        "after": [
          {
            "result": {
              "duration": 1158606845,
              "status": "passed"
            },
            "match": {
              "location": "Hooks.afterScenario(Scenario)"
            }
          }
        ],
        "type": "scenario",
        "keyword": "Scenario",
        "steps": [
          {
            "result": {
              "duration": 4612089826,
              "status": "passed"
            },
            "line": 8,
            "name": "e insere alguma palavra na barra de busca",
            "match": {
              "location": "PesquisaPageStepsTest.e_insere_alguma_palavra_na_barra_de_busca()"
            },
            "keyword": "Then "
          },
          {
            "result": {
              "duration": 2325705522,
              "status": "passed"
            },
            "line": 9,
            "name": "Clico no botao buscar",
            "match": {
              "location": "PesquisaPageStepsTest.clico_no_botao_buscar()"
            },
            "keyword": "And "
          },
          {
            "result": {
              "duration": 410757,
              "error_message": "cucumber.runtime.CucumberException: Arity mismatch: Step Definition \u0027steps.PesquisaPageStepsTest.a_busca_é_realizada_com_sucesso(String) in file:/Users/luis.camilo/Documents/Cucumber_sexyHot/target/test-classes/\u0027 with pattern [^a busca é realizada com sucesso$] is declared with 1 parameters. However, the gherkin step has 0 arguments []. \nStep: When a busca é realizada com sucesso\n\tat cucumber.runtime.StepDefinitionMatch.arityMismatch(StepDefinitionMatch.java:102)\n\tat cucumber.runtime.StepDefinitionMatch.transformedArgs(StepDefinitionMatch.java:60)\n\tat cucumber.runtime.StepDefinitionMatch.runStep(StepDefinitionMatch.java:37)\n\tat cucumber.runtime.Runtime.runStep(Runtime.java:300)\n\tat cucumber.runtime.model.StepContainer.runStep(StepContainer.java:44)\n\tat cucumber.runtime.model.StepContainer.runSteps(StepContainer.java:39)\n\tat cucumber.runtime.model.CucumberScenario.run(CucumberScenario.java:44)\n\tat cucumber.runtime.junit.ExecutionUnitRunner.run(ExecutionUnitRunner.java:102)\n\tat cucumber.runtime.junit.FeatureRunner.runChild(FeatureRunner.java:63)\n\tat cucumber.runtime.junit.FeatureRunner.runChild(FeatureRunner.java:18)\n\tat org.junit.runners.ParentRunner$3.run(ParentRunner.java:290)\n\tat org.junit.runners.ParentRunner$1.schedule(ParentRunner.java:71)\n\tat org.junit.runners.ParentRunner.runChildren(ParentRunner.java:288)\n\tat org.junit.runners.ParentRunner.access$000(ParentRunner.java:58)\n\tat org.junit.runners.ParentRunner$2.evaluate(ParentRunner.java:268)\n\tat org.junit.runners.ParentRunner.run(ParentRunner.java:363)\n\tat cucumber.runtime.junit.FeatureRunner.run(FeatureRunner.java:70)\n\tat cucumber.api.junit.Cucumber.runChild(Cucumber.java:95)\n\tat cucumber.api.junit.Cucumber.runChild(Cucumber.java:38)\n\tat org.junit.runners.ParentRunner$3.run(ParentRunner.java:290)\n\tat org.junit.runners.ParentRunner$1.schedule(ParentRunner.java:71)\n\tat org.junit.runners.ParentRunner.runChildren(ParentRunner.java:288)\n\tat org.junit.runners.ParentRunner.access$000(ParentRunner.java:58)\n\tat org.junit.runners.ParentRunner$2.evaluate(ParentRunner.java:268)\n\tat org.junit.runners.ParentRunner.run(ParentRunner.java:363)\n\tat cucumber.api.junit.Cucumber.run(Cucumber.java:100)\n\tat org.apache.maven.surefire.junit4.JUnit4Provider.execute(JUnit4Provider.java:367)\n\tat org.apache.maven.surefire.junit4.JUnit4Provider.executeWithRerun(JUnit4Provider.java:274)\n\tat org.apache.maven.surefire.junit4.JUnit4Provider.executeTestSet(JUnit4Provider.java:238)\n\tat org.apache.maven.surefire.junit4.JUnit4Provider.invoke(JUnit4Provider.java:161)\n\tat org.apache.maven.surefire.booter.ForkedBooter.invokeProviderInSameClassLoader(ForkedBooter.java:290)\n\tat org.apache.maven.surefire.booter.ForkedBooter.runSuitesInProcess(ForkedBooter.java:242)\n\tat org.apache.maven.surefire.booter.ForkedBooter.main(ForkedBooter.java:121)\n",
              "status": "failed"
            },
            "output": [
              "url: https://sexyhot.globo.com/todos-os-videos?page\u003d1\u0026q\u003dtestes"
            ],
            "line": 10,
            "name": "a busca é realizada com sucesso",
            "match": {
              "location": "PesquisaPageStepsTest.a_busca_é_realizada_com_sucesso(String)"
            },
            "keyword": "When "
          }
        ],
        "tags": [
          {
            "line": 6,
            "name": "@Case2"
          }
        ]
      }
    ],
    "name": "Realizar pesquisa no site",
    "description": "",
    "id": "realizar-pesquisa-no-site",
    "keyword": "Feature",
    "uri": "pesquisa.feature"
  }
]