<?xml version="1.0" encoding="UTF-8"?>
<testsuite xmlns:xsi="http://www.w3.org/2001/XMLSchema-instance" xsi:schemaLocation="https://maven.apache.org/surefire/maven-surefire-plugin/xsd/surefire-test-report.xsd" name="runner.RunnerTest" time="38.046" tests="12" errors="5" skipped="0" failures="0">
  <properties>
    <property name="java.runtime.name" value="Java(TM) SE Runtime Environment"/>
    <property name="sun.boot.library.path" value="/Library/Java/JavaVirtualMachines/jdk1.8.0_201.jdk/Contents/Home/jre/lib"/>
    <property name="java.vm.version" value="25.201-b09"/>
    <property name="gopherProxySet" value="false"/>
    <property name="java.vm.vendor" value="Oracle Corporation"/>
    <property name="maven.multiModuleProjectDirectory" value="/Users/luis.camilo/Documents/Cucumber_sexyHot"/>
    <property name="java.vendor.url" value="http://java.oracle.com/"/>
    <property name="path.separator" value=":"/>
    <property name="guice.disable.misplaced.annotation.check" value="true"/>
    <property name="java.vm.name" value="Java HotSpot(TM) 64-Bit Server VM"/>
    <property name="file.encoding.pkg" value="sun.io"/>
    <property name="user.country" value="BR"/>
    <property name="sun.java.launcher" value="SUN_STANDARD"/>
    <property name="sun.os.patch.level" value="unknown"/>
    <property name="java.vm.specification.name" value="Java Virtual Machine Specification"/>
    <property name="user.dir" value="/Users/luis.camilo/Documents/Cucumber_sexyHot"/>
    <property name="java.runtime.version" value="1.8.0_201-b09"/>
    <property name="java.awt.graphicsenv" value="sun.awt.CGraphicsEnvironment"/>
    <property name="java.endorsed.dirs" value="/Library/Java/JavaVirtualMachines/jdk1.8.0_201.jdk/Contents/Home/jre/lib/endorsed"/>
    <property name="os.arch" value="x86_64"/>
    <property name="java.io.tmpdir" value="/var/folders/5r/h6zgdb8s2db0rqpvrjfhcb_m0000gp/T/"/>
    <property name="line.separator" value="&#10;"/>
    <property name="java.vm.specification.vendor" value="Oracle Corporation"/>
    <property name="os.name" value="Mac OS X"/>
    <property name="classworlds.conf" value="/usr/local/Cellar/maven/3.6.1/libexec/bin/m2.conf"/>
    <property name="sun.jnu.encoding" value="UTF-8"/>
    <property name="java.library.path" value="/Users/luis.camilo/Library/Java/Extensions:/Library/Java/Extensions:/Network/Library/Java/Extensions:/System/Library/Java/Extensions:/usr/lib/java:."/>
    <property name="maven.conf" value="/usr/local/Cellar/maven/3.6.1/libexec/conf"/>
    <property name="java.specification.name" value="Java Platform API Specification"/>
    <property name="java.class.version" value="52.0"/>
    <property name="sun.management.compiler" value="HotSpot 64-Bit Tiered Compilers"/>
    <property name="os.version" value="10.14.3"/>
    <property name="library.jansi.path" value="/usr/local/Cellar/maven/3.6.1/libexec/lib/jansi-native"/>
    <property name="http.nonProxyHosts" value="local|*.local|169.254/16|*.169.254/16"/>
    <property name="user.home" value="/Users/luis.camilo"/>
    <property name="user.timezone" value="America/Sao_Paulo"/>
    <property name="java.awt.printerjob" value="sun.lwawt.macosx.CPrinterJob"/>
    <property name="java.specification.version" value="1.8"/>
    <property name="file.encoding" value="UTF-8"/>
    <property name="user.name" value="luis.camilo"/>
    <property name="java.class.path" value="/usr/local/Cellar/maven/3.6.1/libexec/boot/plexus-classworlds-2.6.0.jar"/>
    <property name="java.vm.specification.version" value="1.8"/>
    <property name="sun.arch.data.model" value="64"/>
    <property name="java.home" value="/Library/Java/JavaVirtualMachines/jdk1.8.0_201.jdk/Contents/Home/jre"/>
    <property name="sun.java.command" value="org.codehaus.plexus.classworlds.launcher.Launcher test"/>
    <property name="java.specification.vendor" value="Oracle Corporation"/>
    <property name="user.language" value="pt"/>
    <property name="awt.toolkit" value="sun.lwawt.macosx.LWCToolkit"/>
    <property name="java.vm.info" value="mixed mode"/>
    <property name="java.version" value="1.8.0_201"/>
    <property name="java.ext.dirs" value="/Users/luis.camilo/Library/Java/Extensions:/Library/Java/JavaVirtualMachines/jdk1.8.0_201.jdk/Contents/Home/jre/lib/ext:/Library/Java/Extensions:/Network/Library/Java/Extensions:/System/Library/Java/Extensions:/usr/lib/java"/>
    <property name="sun.boot.class.path" value="/Library/Java/JavaVirtualMachines/jdk1.8.0_201.jdk/Contents/Home/jre/lib/resources.jar:/Library/Java/JavaVirtualMachines/jdk1.8.0_201.jdk/Contents/Home/jre/lib/rt.jar:/Library/Java/JavaVirtualMachines/jdk1.8.0_201.jdk/Contents/Home/jre/lib/sunrsasign.jar:/Library/Java/JavaVirtualMachines/jdk1.8.0_201.jdk/Contents/Home/jre/lib/jsse.jar:/Library/Java/JavaVirtualMachines/jdk1.8.0_201.jdk/Contents/Home/jre/lib/jce.jar:/Library/Java/JavaVirtualMachines/jdk1.8.0_201.jdk/Contents/Home/jre/lib/charsets.jar:/Library/Java/JavaVirtualMachines/jdk1.8.0_201.jdk/Contents/Home/jre/lib/jfr.jar:/Library/Java/JavaVirtualMachines/jdk1.8.0_201.jdk/Contents/Home/jre/classes"/>
    <property name="java.vendor" value="Oracle Corporation"/>
    <property name="maven.home" value="/usr/local/Cellar/maven/3.6.1/libexec"/>
    <property name="file.separator" value="/"/>
    <property name="java.vendor.url.bug" value="http://bugreport.sun.com/bugreport/"/>
    <property name="sun.cpu.endian" value="little"/>
    <property name="sun.io.unicode.encoding" value="UnicodeBig"/>
    <property name="socksNonProxyHosts" value="local|*.local|169.254/16|*.169.254/16"/>
    <property name="ftp.nonProxyHosts" value="local|*.local|169.254/16|*.169.254/16"/>
    <property name="sun.cpu.isalist" value=""/>
  </properties>
  <testcase name="Given O usuario acessa o site" classname="Scenario: O usurio deseja acessar o site e se cadastrar" time="0.002"/>
  <testcase name="And clica no botao cadastrar" classname="Scenario: O usurio deseja acessar o site e se cadastrar" time="0.001"/>
  <testcase name="And Isiro meus dados" classname="Scenario: O usurio deseja acessar o site e se cadastrar" time="0"/>
  <testcase name="Then Clico no botao cadastre-se" classname="Scenario: O usurio deseja acessar o site e se cadastrar" time="0"/>
  <testcase name="When O cadastro é realizado com sucesso" classname="Scenario: O usurio deseja acessar o site e se cadastrar" time="0.007">
    <error message="Arity mismatch: Step Definition &apos;steps.CadastroPageStepsTest.o_cadastro_é_realizado_com_sucesso(String) in file:/Users/luis.camilo/Documents/Cucumber_sexyHot/target/test-classes/&apos; with pattern [^O cadastro é realizado com sucesso$] is declared with 1 parameters. However, the gherkin step has 0 arguments []. &#10;Step: When O cadastro é realizado com sucesso" type="cucumber.runtime.CucumberException">cucumber.runtime.CucumberException: 
Arity mismatch: Step Definition 'steps.CadastroPageStepsTest.o_cadastro_é_realizado_com_sucesso(String) in file:/Users/luis.camilo/Documents/Cucumber_sexyHot/target/test-classes/' with pattern [^O cadastro é realizado com sucesso$] is declared with 1 parameters. However, the gherkin step has 0 arguments []. 
Step: When O cadastro é realizado com sucesso
</error>
  </testcase>
  <testcase name="Scenario: O usurio deseja acessar o site e se cadastrar" classname="Scenario: O usurio deseja acessar o site e se cadastrar" time="0.008">
    <error message="Arity mismatch: Step Definition &apos;steps.CadastroPageStepsTest.o_cadastro_é_realizado_com_sucesso(String) in file:/Users/luis.camilo/Documents/Cucumber_sexyHot/target/test-classes/&apos; with pattern [^O cadastro é realizado com sucesso$] is declared with 1 parameters. However, the gherkin step has 0 arguments []. &#10;Step: When O cadastro é realizado com sucesso" type="cucumber.runtime.CucumberException">cucumber.runtime.CucumberException: 
Arity mismatch: Step Definition 'steps.CadastroPageStepsTest.o_cadastro_é_realizado_com_sucesso(String) in file:/Users/luis.camilo/Documents/Cucumber_sexyHot/target/test-classes/' with pattern [^O cadastro é realizado com sucesso$] is declared with 1 parameters. However, the gherkin step has 0 arguments []. 
Step: When O cadastro é realizado com sucesso
</error>
  </testcase>
  <testcase name="Scenario: O usurio deseja acessar o site e se cadastrar" classname="Scenario: O usurio deseja acessar o site e se cadastrar" time="0.022">
    <error message="Conversion = &apos;F&apos;" type="java.util.UnknownFormatConversionException">java.util.UnknownFormatConversionException: Conversion = 'F'
</error>
    <system-out><![CDATA[
--- Scenario O usurio deseja acessar o site e se cadastrar executed ---
]]></system-out>
  </testcase>
  <testcase name="Given O usuario acessa o site sexyHOT" classname="Scenario: O usurio deseja acessar o site e realizar uma busca" time="0"/>
  <testcase name="Then e insere alguma palavra na barra de busca" classname="Scenario: O usurio deseja acessar o site e realizar uma busca" time="0"/>
  <testcase name="And Clico no botao buscar" classname="Scenario: O usurio deseja acessar o site e realizar uma busca" time="0"/>
  <testcase name="When a busca é realizada com sucesso" classname="Scenario: O usurio deseja acessar o site e realizar uma busca" time="0.002">
    <error message="Arity mismatch: Step Definition &apos;steps.PesquisaPageStepsTest.a_busca_é_realizada_com_sucesso(String) in file:/Users/luis.camilo/Documents/Cucumber_sexyHot/target/test-classes/&apos; with pattern [^a busca é realizada com sucesso$] is declared with 1 parameters. However, the gherkin step has 0 arguments []. &#10;Step: When a busca é realizada com sucesso" type="cucumber.runtime.CucumberException">cucumber.runtime.CucumberException: 
Arity mismatch: Step Definition 'steps.PesquisaPageStepsTest.a_busca_é_realizada_com_sucesso(String) in file:/Users/luis.camilo/Documents/Cucumber_sexyHot/target/test-classes/' with pattern [^a busca é realizada com sucesso$] is declared with 1 parameters. However, the gherkin step has 0 arguments []. 
Step: When a busca é realizada com sucesso
</error>
  </testcase>
  <testcase name="Scenario: O usurio deseja acessar o site e realizar uma busca" classname="Scenario: O usurio deseja acessar o site e realizar uma busca" time="0.002">
    <error message="Arity mismatch: Step Definition &apos;steps.PesquisaPageStepsTest.a_busca_é_realizada_com_sucesso(String) in file:/Users/luis.camilo/Documents/Cucumber_sexyHot/target/test-classes/&apos; with pattern [^a busca é realizada com sucesso$] is declared with 1 parameters. However, the gherkin step has 0 arguments []. &#10;Step: When a busca é realizada com sucesso" type="cucumber.runtime.CucumberException">cucumber.runtime.CucumberException: 
Arity mismatch: Step Definition 'steps.PesquisaPageStepsTest.a_busca_é_realizada_com_sucesso(String) in file:/Users/luis.camilo/Documents/Cucumber_sexyHot/target/test-classes/' with pattern [^a busca é realizada com sucesso$] is declared with 1 parameters. However, the gherkin step has 0 arguments []. 
Step: When a busca é realizada com sucesso
</error>
  </testcase>
</testsuite>