<?xml version="1.0" encoding="UTF-8"?>
<testsuite xmlns:xsi="http://www.w3.org/2001/XMLSchema-instance" xsi:schemaLocation="https://maven.apache.org/surefire/maven-surefire-plugin/xsd/surefire-test-report.xsd" name="runner.RunnerTest" time="38.046" tests="12" errors="5" skipped="0" failures="0">
  <properties>
[...]
</properties>
  <testcase name="Given O usuario acessa o site" classname="Scenario: O usurio deseja acessar o site e se cadastrar" time="0.002"/>
  <testcase name="And clica no botao cadastrar" classname="Scenario: O usurio deseja acessar o site e se cadastrar" time="0.001"/>
  <testcase name="And Isiro meus dados" classname="Scenario: O usurio deseja acessar o site e se cadastrar" time="0"/>
  <testcase name="Then Clico no botao cadastre-se" classname="Scenario: O usurio deseja acessar o site e se cadastrar" time="0"/>
  <testcase name="When O cadastro é realizado com sucesso" classname="Scenario: O usurio deseja acessar o site e se cadastrar" time="0.007">
    <error message="Arity mismatch: Step Definition &apos;steps.CadastroPageStepsTest.o_cadastro_é_realizado_com_sucesso(String) in file:/Users/luis.camilo/Documents/Cucumber_sexyHot/target/test-classes/&apos; with pattern [^O cadastro é realizado com sucesso$] is declared with 1 parameters. However, the gherkin step has 0 arguments []. &#10;Step: When O cadastro é realizado com sucesso" type="cucumber.runtime.CucumberException">cucumber.runtime.CucumberException: 
Arity mismatch: Step Definition 'steps.CadastroPageStepsTest.o_cadastro_é_realizado_com_sucesso(String) in file:/Users/luis.camilo/Documents/Cucumber_sexyHot/target/test-classes/' with pattern [^O cadastro é realizado com sucesso$] is declared with 1 parameters. However, the gherkin step has 0 arguments []. 
Step: When O cadastro é realizado com sucesso
</error>
  </testcase>
  <testcase name="Scenario: O usurio deseja acessar o site e se cadastrar" classname="Scenario: O usurio deseja acessar o site e se cadastrar" time="0.008">
    <error message="Arity mismatch: Step Definition &apos;steps.CadastroPageStepsTest.o_cadastro_é_realizado_com_sucesso(String) in file:/Users/luis.camilo/Documents/Cucumber_sexyHot/target/test-classes/&apos; with pattern [^O cadastro é realizado com sucesso$] is declared with 1 parameters. However, the gherkin step has 0 arguments []. &#10;Step: When O cadastro é realizado com sucesso" type="cucumber.runtime.CucumberException">cucumber.runtime.CucumberException: 
Arity mismatch: Step Definition 'steps.CadastroPageStepsTest.o_cadastro_é_realizado_com_sucesso(String) in file:/Users/luis.camilo/Documents/Cucumber_sexyHot/target/test-classes/' with pattern [^O cadastro é realizado com sucesso$] is declared with 1 parameters. However, the gherkin step has 0 arguments []. 
Step: When O cadastro é realizado com sucesso
</error>
  </testcase>
  <testcase name="Scenario: O usurio deseja acessar o site e se cadastrar" classname="Scenario: O usurio deseja acessar o site e se cadastrar" time="0.022">
    <error message="Conversion = &apos;F&apos;" type="java.util.UnknownFormatConversionException">java.util.UnknownFormatConversionException: Conversion = 'F'
</error>
    <system-out><![CDATA[
--- Scenario O usurio deseja acessar o site e se cadastrar executed ---
]]></system-out>
  </testcase>
  <testcase name="Given O usuario acessa o site sexyHOT" classname="Scenario: O usurio deseja acessar o site e realizar uma busca" time="0"/>
  <testcase name="Then e insere alguma palavra na barra de busca" classname="Scenario: O usurio deseja acessar o site e realizar uma busca" time="0"/>
  <testcase name="And Clico no botao buscar" classname="Scenario: O usurio deseja acessar o site e realizar uma busca" time="0"/>
  <testcase name="When a busca é realizada com sucesso" classname="Scenario: O usurio deseja acessar o site e realizar uma busca" time="0.002">
    <error message="Arity mismatch: Step Definition &apos;steps.PesquisaPageStepsTest.a_busca_é_realizada_com_sucesso(String) in file:/Users/luis.camilo/Documents/Cucumber_sexyHot/target/test-classes/&apos; with pattern [^a busca é realizada com sucesso$] is declared with 1 parameters. However, the gherkin step has 0 arguments []. &#10;Step: When a busca é realizada com sucesso" type="cucumber.runtime.CucumberException">cucumber.runtime.CucumberException: 
Arity mismatch: Step Definition 'steps.PesquisaPageStepsTest.a_busca_é_realizada_com_sucesso(String) in file:/Users/luis.camilo/Documents/Cucumber_sexyHot/target/test-classes/' with pattern [^a busca é realizada com sucesso$] is declared with 1 parameters. However, the gherkin step has 0 arguments []. 
Step: When a busca é realizada com sucesso
</error>
  </testcase>
  <testcase name="Scenario: O usurio deseja acessar o site e realizar uma busca" classname="Scenario: O usurio deseja acessar o site e realizar uma busca" time="0.002">
    <error message="Arity mismatch: Step Definition &apos;steps.PesquisaPageStepsTest.a_busca_é_realizada_com_sucesso(String) in file:/Users/luis.camilo/Documents/Cucumber_sexyHot/target/test-classes/&apos; with pattern [^a busca é realizada com sucesso$] is declared with 1 parameters. However, the gherkin step has 0 arguments []. &#10;Step: When a busca é realizada com sucesso" type="cucumber.runtime.CucumberException">cucumber.runtime.CucumberException: 
Arity mismatch: Step Definition 'steps.PesquisaPageStepsTest.a_busca_é_realizada_com_sucesso(String) in file:/Users/luis.camilo/Documents/Cucumber_sexyHot/target/test-classes/' with pattern [^a busca é realizada com sucesso$] is declared with 1 parameters. However, the gherkin step has 0 arguments []. 
Step: When a busca é realizada com sucesso
</error>
  </testcase>
</testsuite>