[
  {
    "line": 1,
    "elements": [
      {
        "line": 3,
        "name": "",
        "description": "",
        "type": "background",
        "keyword": "Background",
        "steps": [
          {
            "result": {
              "duration": 1969453782,
              "status": "passed"
            },
            "line": 4,
            "name": "O usuario acessa o site",
            "match": {
              "location": "CadastroPageStepsTest.o_usuario_acessa_o_site()"
            },
            "keyword": "Given "
          }
        ]
      },
      {
        "before": [
          {
            "result": {
              "duration": 5625831083,
              "status": "passed"
            },
            "match": {
              "location": "Hooks.beforeScenario(Scenario)"
            }
          }
        ],
        "line": 7,
        "name": "O usurio deseja acessar o site e se cadastrar",
        "description": "",
        "id": "realizar-cadastro-no-site;o-usurio-deseja-acessar-o-site-e-se-cadastrar",
        "after": [
          {
            "result": {
              "duration": 9366264,
              "error_message": "org.openqa.selenium.NoSuchWindowException: Browsing context has been discarded\nBuild info: version: \u00273.6.0\u0027, revision: \u00276fbf3ec767\u0027, time: \u00272017-09-27T15:28:36.4Z\u0027\nSystem info: host: \u0027000841-wl.lab.dextra.com.br\u0027, ip: \u0027fe80:0:0:0:c50:1aab:82ca:d93e%en0\u0027, os.name: \u0027Mac OS X\u0027, os.arch: \u0027x86_64\u0027, os.version: \u002710.14.4\u0027, java.version: \u00271.8.0_201\u0027\nDriver info: org.openqa.selenium.firefox.FirefoxDriver\nCapabilities [{moz:profile\u003d/var/folders/5r/h6zgdb8s2db0rqpvrjfhcb_m0000gp/T/rust_mozprofile.rLSkRjtXpoJY, rotatable\u003dfalse, moz:geckodriverVersion\u003d0.24.0, timeouts\u003d{implicit\u003d0, pageLoad\u003d300000, script\u003d30000}, pageLoadStrategy\u003dnormal, unhandledPromptBehavior\u003ddismiss and notify, strictFileInteractability\u003dfalse, moz:headless\u003dfalse, platform\u003dMAC, moz:accessibilityChecks\u003dfalse, moz:useNonSpecCompliantPointerOrigin\u003dfalse, acceptInsecureCerts\u003dtrue, browserVersion\u003d66.0.3, moz:shutdownTimeout\u003d60000, platformVersion\u003d18.5.0, moz:processID\u003d4151, browserName\u003dfirefox, javascriptEnabled\u003dtrue, platformName\u003dMAC, setWindowRect\u003dtrue, moz:webdriverClick\u003dtrue}]\nSession ID: 521ad5be-fd50-324a-9f83-c782a45809a8\n\tat sun.reflect.NativeConstructorAccessorImpl.newInstance0(Native Method)\n\tat sun.reflect.NativeConstructorAccessorImpl.newInstance(NativeConstructorAccessorImpl.java:62)\n\tat sun.reflect.DelegatingConstructorAccessorImpl.newInstance(DelegatingConstructorAccessorImpl.java:45)\n\tat java.lang.reflect.Constructor.newInstance(Constructor.java:423)\n\tat org.openqa.selenium.remote.http.W3CHttpResponseCodec.createException(W3CHttpResponseCodec.java:185)\n\tat org.openqa.selenium.remote.http.W3CHttpResponseCodec.decode(W3CHttpResponseCodec.java:120)\n\tat org.openqa.selenium.remote.http.W3CHttpResponseCodec.decode(W3CHttpResponseCodec.java:49)\n\tat org.openqa.selenium.remote.HttpCommandExecutor.execute(HttpCommandExecutor.java:164)\n\tat org.openqa.selenium.remote.service.DriverCommandExecutor.execute(DriverCommandExecutor.java:83)\n\tat org.openqa.selenium.remote.RemoteWebDriver.execute(RemoteWebDriver.java:586)\n\tat org.openqa.selenium.remote.RemoteWebDriver.execute(RemoteWebDriver.java:643)\n\tat org.openqa.selenium.remote.RemoteWebDriver.getCurrentUrl(RemoteWebDriver.java:320)\n\tat support.DriverQA.getCurrentUrl(DriverQA.java:182)\n\tat steps.Hooks.afterScenario(Hooks.java:26)\n\tat sun.reflect.NativeMethodAccessorImpl.invoke0(Native Method)\n\tat sun.reflect.NativeMethodAccessorImpl.invoke(NativeMethodAccessorImpl.java:62)\n\tat sun.reflect.DelegatingMethodAccessorImpl.invoke(DelegatingMethodAccessorImpl.java:43)\n\tat java.lang.reflect.Method.invoke(Method.java:498)\n\tat cucumber.runtime.Utils$1.call(Utils.java:40)\n\tat cucumber.runtime.Timeout.timeout(Timeout.java:16)\n\tat cucumber.runtime.Utils.invoke(Utils.java:34)\n\tat cucumber.runtime.java.JavaHookDefinition.execute(JavaHookDefinition.java:60)\n\tat cucumber.runtime.Runtime.runHookIfTagsMatch(Runtime.java:224)\n\tat cucumber.runtime.Runtime.runHooks(Runtime.java:212)\n\tat cucumber.runtime.Runtime.runAfterHooks(Runtime.java:206)\n\tat cucumber.runtime.model.CucumberScenario.run(CucumberScenario.java:46)\n\tat cucumber.runtime.junit.ExecutionUnitRunner.run(ExecutionUnitRunner.java:102)\n\tat cucumber.runtime.junit.FeatureRunner.runChild(FeatureRunner.java:63)\n\tat cucumber.runtime.junit.FeatureRunner.runChild(FeatureRunner.java:18)\n\tat org.junit.runners.ParentRunner$3.run(ParentRunner.java:290)\n\tat org.junit.runners.ParentRunner$1.schedule(ParentRunner.java:71)\n\tat org.junit.runners.ParentRunner.runChildren(ParentRunner.java:288)\n\tat org.junit.runners.ParentRunner.access$000(ParentRunner.java:58)\n\tat org.junit.runners.ParentRunner$2.evaluate(ParentRunner.java:268)\n\tat org.junit.runners.ParentRunner.run(ParentRunner.java:363)\n\tat cucumber.runtime.junit.FeatureRunner.run(FeatureRunner.java:70)\n\tat cucumber.api.junit.Cucumber.runChild(Cucumber.java:95)\n\tat cucumber.api.junit.Cucumber.runChild(Cucumber.java:38)\n\tat org.junit.runners.ParentRunner$3.run(ParentRunner.java:290)\n\tat org.junit.runners.ParentRunner$1.schedule(ParentRunner.java:71)\n\tat org.junit.runners.ParentRunner.runChildren(ParentRunner.java:288)\n\tat org.junit.runners.ParentRunner.access$000(ParentRunner.java:58)\n\tat org.junit.runners.ParentRunner$2.evaluate(ParentRunner.java:268)\n\tat org.junit.runners.ParentRunner.run(ParentRunner.java:363)\n\tat cucumber.api.junit.Cucumber.run(Cucumber.java:100)\n\tat org.junit.runner.JUnitCore.run(JUnitCore.java:137)\n\tat com.intellij.junit4.JUnit4IdeaTestRunner.startRunnerWithArgs(JUnit4IdeaTestRunner.java:68)\n\tat com.intellij.rt.execution.junit.IdeaTestRunner$Repeater.startRunnerWithArgs(IdeaTestRunner.java:47)\n\tat com.intellij.rt.execution.junit.JUnitStarter.prepareStreamsAndStart(JUnitStarter.java:242)\n\tat com.intellij.rt.execution.junit.JUnitStarter.main(JUnitStarter.java:70)\n",
              "status": "failed"
            },
            "match": {
              "location": "Hooks.afterScenario(Scenario)"
            }
          }
        ],
        "type": "scenario",
        "keyword": "Scenario",
        "steps": [
          {
            "result": {
              "duration": 2237480494,
              "status": "passed"
            },
            "line": 8,
            "name": "clica no botao cadastrar",
            "match": {
              "location": "CadastroPageStepsTest.clica_no_botao_cadastrar()"
            },
            "keyword": "And "
          },
          {
            "result": {
              "duration": 30136853,
              "error_message": "org.openqa.selenium.NoSuchWindowException: Browsing context has been discarded\nBuild info: version: \u00273.6.0\u0027, revision: \u00276fbf3ec767\u0027, time: \u00272017-09-27T15:28:36.4Z\u0027\nSystem info: host: \u0027000841-wl.lab.dextra.com.br\u0027, ip: \u0027fe80:0:0:0:c50:1aab:82ca:d93e%en0\u0027, os.name: \u0027Mac OS X\u0027, os.arch: \u0027x86_64\u0027, os.version: \u002710.14.4\u0027, java.version: \u00271.8.0_201\u0027\nDriver info: org.openqa.selenium.firefox.FirefoxDriver\nCapabilities [{moz:profile\u003d/var/folders/5r/h6zgdb8s2db0rqpvrjfhcb_m0000gp/T/rust_mozprofile.rLSkRjtXpoJY, rotatable\u003dfalse, moz:geckodriverVersion\u003d0.24.0, timeouts\u003d{implicit\u003d0, pageLoad\u003d300000, script\u003d30000}, pageLoadStrategy\u003dnormal, unhandledPromptBehavior\u003ddismiss and notify, strictFileInteractability\u003dfalse, moz:headless\u003dfalse, platform\u003dMAC, moz:accessibilityChecks\u003dfalse, moz:useNonSpecCompliantPointerOrigin\u003dfalse, acceptInsecureCerts\u003dtrue, browserVersion\u003d66.0.3, moz:shutdownTimeout\u003d60000, platformVersion\u003d18.5.0, moz:processID\u003d4151, browserName\u003dfirefox, javascriptEnabled\u003dtrue, platformName\u003dMAC, setWindowRect\u003dtrue, moz:webdriverClick\u003dtrue}]\nSession ID: 521ad5be-fd50-324a-9f83-c782a45809a8\n*** Element info: {Using\u003dxpath, value\u003dhtml[1]/body[1]/div[1]/main[1]/div[3]/div[1]/div[1]/div[1]/div[1]/form[1]/fieldset[1]/div[1]/input[1]}\n\tat sun.reflect.NativeConstructorAccessorImpl.newInstance0(Native Method)\n\tat sun.reflect.NativeConstructorAccessorImpl.newInstance(NativeConstructorAccessorImpl.java:62)\n\tat sun.reflect.DelegatingConstructorAccessorImpl.newInstance(DelegatingConstructorAccessorImpl.java:45)\n\tat java.lang.reflect.Constructor.newInstance(Constructor.java:423)\n\tat org.openqa.selenium.remote.http.W3CHttpResponseCodec.createException(W3CHttpResponseCodec.java:185)\n\tat org.openqa.selenium.remote.http.W3CHttpResponseCodec.decode(W3CHttpResponseCodec.java:120)\n\tat org.openqa.selenium.remote.http.W3CHttpResponseCodec.decode(W3CHttpResponseCodec.java:49)\n\tat org.openqa.selenium.remote.HttpCommandExecutor.execute(HttpCommandExecutor.java:164)\n\tat org.openqa.selenium.remote.service.DriverCommandExecutor.execute(DriverCommandExecutor.java:83)\n\tat org.openqa.selenium.remote.RemoteWebDriver.execute(RemoteWebDriver.java:586)\n\tat org.openqa.selenium.remote.RemoteWebDriver.findElement(RemoteWebDriver.java:356)\n\tat org.openqa.selenium.remote.RemoteWebDriver.findElementByXPath(RemoteWebDriver.java:458)\n\tat org.openqa.selenium.By$ByXPath.findElement(By.java:361)\n\tat org.openqa.selenium.remote.RemoteWebDriver.findElement(RemoteWebDriver.java:348)\n\tat support.DriverQA.findElem(DriverQA.java:89)\n\tat support.DriverQA.sendKeys(DriverQA.java:147)\n\tat pages.CadastroPage.inputNome(CadastroPage.java:35)\n\tat steps.CadastroPageStepsTest.isiro_meus_dados(CadastroPageStepsTest.java:27)\n\tat ✽.And Isiro meus dados(cadastro.feature:9)\n",
              "status": "failed"
            },
            "line": 9,
            "name": "Isiro meus dados",
            "match": {
              "location": "CadastroPageStepsTest.isiro_meus_dados()"
            },
            "keyword": "And "
          },
          {
            "result": {
              "status": "skipped"
            },
            "line": 10,
            "name": "Clico no botao cadastre-se",
            "match": {
              "location": "CadastroPageStepsTest.clico_no_botao_cadastre_se()"
            },
            "keyword": "Then "
          },
          {
            "result": {
              "status": "skipped"
            },
            "line": 11,
            "name": "O cadastro é realizado com sucesso",
            "match": {
              "location": "CadastroPageStepsTest.o_cadastro_é_realizado_com_sucesso(String)"
            },
            "keyword": "When "
          }
        ],
        "tags": [
          {
            "line": 6,
            "name": "@Case1"
          }
        ]
      }
    ],
    "name": "Realizar cadastro no site",
    "description": "",
    "id": "realizar-cadastro-no-site",
    "keyword": "Feature",
    "uri": "cadastro.feature"
  },
  {
    "line": 1,
    "elements": [
      {
        "line": 3,
        "name": "",
        "description": "",
        "type": "background",
        "keyword": "Background",
        "steps": [
          {
            "result": {
              "duration": 3584734127,
              "status": "passed"
            },
            "line": 4,
            "name": "O usuario acessa o site sexyHOT",
            "match": {
              "location": "PesquisaPageStepsTest.o_usuario_acessa_o_site_sexyHOT()"
            },
            "keyword": "Given "
          }
        ]
      },
      {
        "before": [
          {
            "result": {
              "duration": 3908650547,
              "status": "passed"
            },
            "match": {
              "location": "Hooks.beforeScenario(Scenario)"
            }
          }
        ],
        "line": 7,
        "name": "O usurio deseja acessar o site e realizar uma busca",
        "description": "",
        "id": "realizar-pesquisa-no-site;o-usurio-deseja-acessar-o-site-e-realizar-uma-busca",
        "after": [
          {
            "result": {
              "duration": 13562160,
              "error_message": "org.openqa.selenium.NoSuchWindowException: Browsing context has been discarded\nBuild info: version: \u00273.6.0\u0027, revision: \u00276fbf3ec767\u0027, time: \u00272017-09-27T15:28:36.4Z\u0027\nSystem info: host: \u0027000841-wl.lab.dextra.com.br\u0027, ip: \u0027fe80:0:0:0:c50:1aab:82ca:d93e%en0\u0027, os.name: \u0027Mac OS X\u0027, os.arch: \u0027x86_64\u0027, os.version: \u002710.14.4\u0027, java.version: \u00271.8.0_201\u0027\nDriver info: org.openqa.selenium.firefox.FirefoxDriver\nCapabilities [{moz:profile\u003d/var/folders/5r/h6zgdb8s2db0rqpvrjfhcb_m0000gp/T/rust_mozprofile.bdPaMNiJX10M, rotatable\u003dfalse, moz:geckodriverVersion\u003d0.24.0, timeouts\u003d{implicit\u003d0, pageLoad\u003d300000, script\u003d30000}, pageLoadStrategy\u003dnormal, unhandledPromptBehavior\u003ddismiss and notify, strictFileInteractability\u003dfalse, moz:headless\u003dfalse, platform\u003dMAC, moz:accessibilityChecks\u003dfalse, moz:useNonSpecCompliantPointerOrigin\u003dfalse, acceptInsecureCerts\u003dtrue, browserVersion\u003d66.0.3, moz:shutdownTimeout\u003d60000, platformVersion\u003d18.5.0, moz:processID\u003d4158, browserName\u003dfirefox, javascriptEnabled\u003dtrue, platformName\u003dMAC, setWindowRect\u003dtrue, moz:webdriverClick\u003dtrue}]\nSession ID: 938fc62a-50ec-4541-9832-c00fec736a21\n\tat sun.reflect.NativeConstructorAccessorImpl.newInstance0(Native Method)\n\tat sun.reflect.NativeConstructorAccessorImpl.newInstance(NativeConstructorAccessorImpl.java:62)\n\tat sun.reflect.DelegatingConstructorAccessorImpl.newInstance(DelegatingConstructorAccessorImpl.java:45)\n\tat java.lang.reflect.Constructor.newInstance(Constructor.java:423)\n\tat org.openqa.selenium.remote.http.W3CHttpResponseCodec.createException(W3CHttpResponseCodec.java:185)\n\tat org.openqa.selenium.remote.http.W3CHttpResponseCodec.decode(W3CHttpResponseCodec.java:120)\n\tat org.openqa.selenium.remote.http.W3CHttpResponseCodec.decode(W3CHttpResponseCodec.java:49)\n\tat org.openqa.selenium.remote.HttpCommandExecutor.execute(HttpCommandExecutor.java:164)\n\tat org.openqa.selenium.remote.service.DriverCommandExecutor.execute(DriverCommandExecutor.java:83)\n\tat org.openqa.selenium.remote.RemoteWebDriver.execute(RemoteWebDriver.java:586)\n\tat org.openqa.selenium.remote.RemoteWebDriver.execute(RemoteWebDriver.java:643)\n\tat org.openqa.selenium.remote.RemoteWebDriver.getCurrentUrl(RemoteWebDriver.java:320)\n\tat support.DriverQA.getCurrentUrl(DriverQA.java:182)\n\tat steps.Hooks.afterScenario(Hooks.java:26)\n\tat sun.reflect.NativeMethodAccessorImpl.invoke0(Native Method)\n\tat sun.reflect.NativeMethodAccessorImpl.invoke(NativeMethodAccessorImpl.java:62)\n\tat sun.reflect.DelegatingMethodAccessorImpl.invoke(DelegatingMethodAccessorImpl.java:43)\n\tat java.lang.reflect.Method.invoke(Method.java:498)\n\tat cucumber.runtime.Utils$1.call(Utils.java:40)\n\tat cucumber.runtime.Timeout.timeout(Timeout.java:16)\n\tat cucumber.runtime.Utils.invoke(Utils.java:34)\n\tat cucumber.runtime.java.JavaHookDefinition.execute(JavaHookDefinition.java:60)\n\tat cucumber.runtime.Runtime.runHookIfTagsMatch(Runtime.java:224)\n\tat cucumber.runtime.Runtime.runHooks(Runtime.java:212)\n\tat cucumber.runtime.Runtime.runAfterHooks(Runtime.java:206)\n\tat cucumber.runtime.model.CucumberScenario.run(CucumberScenario.java:46)\n\tat cucumber.runtime.junit.ExecutionUnitRunner.run(ExecutionUnitRunner.java:102)\n\tat cucumber.runtime.junit.FeatureRunner.runChild(FeatureRunner.java:63)\n\tat cucumber.runtime.junit.FeatureRunner.runChild(FeatureRunner.java:18)\n\tat org.junit.runners.ParentRunner$3.run(ParentRunner.java:290)\n\tat org.junit.runners.ParentRunner$1.schedule(ParentRunner.java:71)\n\tat org.junit.runners.ParentRunner.runChildren(ParentRunner.java:288)\n\tat org.junit.runners.ParentRunner.access$000(ParentRunner.java:58)\n\tat org.junit.runners.ParentRunner$2.evaluate(ParentRunner.java:268)\n\tat org.junit.runners.ParentRunner.run(ParentRunner.java:363)\n\tat cucumber.runtime.junit.FeatureRunner.run(FeatureRunner.java:70)\n\tat cucumber.api.junit.Cucumber.runChild(Cucumber.java:95)\n\tat cucumber.api.junit.Cucumber.runChild(Cucumber.java:38)\n\tat org.junit.runners.ParentRunner$3.run(ParentRunner.java:290)\n\tat org.junit.runners.ParentRunner$1.schedule(ParentRunner.java:71)\n\tat org.junit.runners.ParentRunner.runChildren(ParentRunner.java:288)\n\tat org.junit.runners.ParentRunner.access$000(ParentRunner.java:58)\n\tat org.junit.runners.ParentRunner$2.evaluate(ParentRunner.java:268)\n\tat org.junit.runners.ParentRunner.run(ParentRunner.java:363)\n\tat cucumber.api.junit.Cucumber.run(Cucumber.java:100)\n\tat org.junit.runner.JUnitCore.run(JUnitCore.java:137)\n\tat com.intellij.junit4.JUnit4IdeaTestRunner.startRunnerWithArgs(JUnit4IdeaTestRunner.java:68)\n\tat com.intellij.rt.execution.junit.IdeaTestRunner$Repeater.startRunnerWithArgs(IdeaTestRunner.java:47)\n\tat com.intellij.rt.execution.junit.JUnitStarter.prepareStreamsAndStart(JUnitStarter.java:242)\n\tat com.intellij.rt.execution.junit.JUnitStarter.main(JUnitStarter.java:70)\n",
              "status": "failed"
            },
            "match": {
              "location": "Hooks.afterScenario(Scenario)"
            }
          }
        ],
        "type": "scenario",
        "keyword": "Scenario",
        "steps": [
          {
            "result": {
              "duration": 43997245,
              "error_message": "org.openqa.selenium.NoSuchWindowException: Browsing context has been discarded\nBuild info: version: \u00273.6.0\u0027, revision: \u00276fbf3ec767\u0027, time: \u00272017-09-27T15:28:36.4Z\u0027\nSystem info: host: \u0027000841-wl.lab.dextra.com.br\u0027, ip: \u0027fe80:0:0:0:c50:1aab:82ca:d93e%en0\u0027, os.name: \u0027Mac OS X\u0027, os.arch: \u0027x86_64\u0027, os.version: \u002710.14.4\u0027, java.version: \u00271.8.0_201\u0027\nDriver info: org.openqa.selenium.firefox.FirefoxDriver\nCapabilities [{moz:profile\u003d/var/folders/5r/h6zgdb8s2db0rqpvrjfhcb_m0000gp/T/rust_mozprofile.bdPaMNiJX10M, rotatable\u003dfalse, moz:geckodriverVersion\u003d0.24.0, timeouts\u003d{implicit\u003d0, pageLoad\u003d300000, script\u003d30000}, pageLoadStrategy\u003dnormal, unhandledPromptBehavior\u003ddismiss and notify, strictFileInteractability\u003dfalse, moz:headless\u003dfalse, platform\u003dMAC, moz:accessibilityChecks\u003dfalse, moz:useNonSpecCompliantPointerOrigin\u003dfalse, acceptInsecureCerts\u003dtrue, browserVersion\u003d66.0.3, moz:shutdownTimeout\u003d60000, platformVersion\u003d18.5.0, moz:processID\u003d4158, browserName\u003dfirefox, javascriptEnabled\u003dtrue, platformName\u003dMAC, setWindowRect\u003dtrue, moz:webdriverClick\u003dtrue}]\nSession ID: 938fc62a-50ec-4541-9832-c00fec736a21\n*** Element info: {Using\u003dxpath, value\u003d/html/body/div[1]/div/div/div/div/div/a[2]}\n\tat sun.reflect.NativeConstructorAccessorImpl.newInstance0(Native Method)\n\tat sun.reflect.NativeConstructorAccessorImpl.newInstance(NativeConstructorAccessorImpl.java:62)\n\tat sun.reflect.DelegatingConstructorAccessorImpl.newInstance(DelegatingConstructorAccessorImpl.java:45)\n\tat java.lang.reflect.Constructor.newInstance(Constructor.java:423)\n\tat org.openqa.selenium.remote.http.W3CHttpResponseCodec.createException(W3CHttpResponseCodec.java:185)\n\tat org.openqa.selenium.remote.http.W3CHttpResponseCodec.decode(W3CHttpResponseCodec.java:120)\n\tat org.openqa.selenium.remote.http.W3CHttpResponseCodec.decode(W3CHttpResponseCodec.java:49)\n\tat org.openqa.selenium.remote.HttpCommandExecutor.execute(HttpCommandExecutor.java:164)\n\tat org.openqa.selenium.remote.service.DriverCommandExecutor.execute(DriverCommandExecutor.java:83)\n\tat org.openqa.selenium.remote.RemoteWebDriver.execute(RemoteWebDriver.java:586)\n\tat org.openqa.selenium.remote.RemoteWebDriver.findElement(RemoteWebDriver.java:356)\n\tat org.openqa.selenium.remote.RemoteWebDriver.findElementByXPath(RemoteWebDriver.java:458)\n\tat org.openqa.selenium.By$ByXPath.findElement(By.java:361)\n\tat org.openqa.selenium.remote.RemoteWebDriver.findElement(RemoteWebDriver.java:348)\n\tat support.DriverQA.findElem(DriverQA.java:89)\n\tat support.DriverQA.click(DriverQA.java:109)\n\tat pages.PesquisaPage.clickSim(PesquisaPage.java:46)\n\tat steps.PesquisaPageStepsTest.e_insere_alguma_palavra_na_barra_de_busca(PesquisaPageStepsTest.java:24)\n\tat ✽.Then e insere alguma palavra na barra de busca(pesquisa.feature:8)\n",
              "status": "failed"
            },
            "line": 8,
            "name": "e insere alguma palavra na barra de busca",
            "match": {
              "location": "PesquisaPageStepsTest.e_insere_alguma_palavra_na_barra_de_busca()"
            },
            "keyword": "Then "
          },
          {
            "result": {
              "status": "skipped"
            },
            "line": 9,
            "name": "Clico no botao buscar",
            "match": {
              "location": "PesquisaPageStepsTest.clico_no_botao_buscar()"
            },
            "keyword": "And "
          },
          {
            "result": {
              "status": "skipped"
            },
            "line": 10,
            "name": "a busca é realizada com sucesso",
            "match": {
              "location": "PesquisaPageStepsTest.a_busca_é_realizada_com_sucesso(String)"
            },
            "keyword": "When "
          }
        ],
        "tags": [
          {
            "line": 6,
            "name": "@Case2"
          }
        ]
      }
    ],
    "name": "Realizar pesquisa no site",
    "description": "",
    "id": "realizar-pesquisa-no-site",
    "keyword": "Feature",
    "uri": "pesquisa.feature"
  }
]